3163095079
3154128897
1885716490
1444548610
1024086016
369532929
369532928
1023467520
1444548608
1024086017
1444548609
1885716486
1885716482
1885716480
1885716481
1885716484
1885716483
1885716485
1885716488
1885716487
1885716489
1885716502
1885716496
1885716494
1885716492
1885716491
1885716493
1885716495
1885716498
1885716497
1885716500
1885716499
1885716501
1885716506
1885716504
1885716503
1885716505
1885716510
1885716508
1885716507
1885716509
3154128896
1885716511
3163095059
3163095047
3154132995
3154128901
3154128899
3154128898
3154128900
3154128903
3154128902
3154132993
3154132992
3154132994
3163095041
3154132997
3154132996
3154132999
3154132998
3163095040
3163095043
3163095042
3163095045
3163095044
3163095046
3163095053
3163095051
3163095049
3163095048
3163095050
3163095052
3163095055
3163095054
3163095057
3163095056
3163095058
3163095067
3163095063
3163095061
3163095060
3163095062
3163095065
3163095064
3163095066
3163095075
3163095071
3163095069
3163095068
3163095070
3163095073
3163095072
3163095074
3163095077
3163095076
3163095078
3163095119
3163095101
3163095089
3163095083
3163095081
3163095080
3163095082
3163095087
3163095085
3163095084
3163095086
3163095088
3163095095
3163095091
3163095090
3163095093
3163095092
3163095094
3163095099
3163095097
3163095096
3163095098
3163095100
3163095111
3163095107
3163095103
3163095102
3163095105
3163095104
3163095106
3163095109
3163095108
3163095110
3163095115
3163095113
3163095112
3163095114
3163095117
3163095116
3163095118
6263287813
5938913297
5938913287
5938913281
5548077061
5548077059
5548077057
5548077056
5548077058
5548077060
5548077063
5548077062
5584445441
5584445440
5938913280
5938913285
5938913283
5938913282
5938913284
5938913286
5938913293
5938913289
5938913288
5938913291
5938913290
5938913292
5938913295
5938913294
5938913296
5938913305
5938913301
5938913299
5938913298
5938913300
5938913303
5938913302
5938913304
5938913309
5938913307
5938913306
5938913308
6263287809
5938913311
5938913310
6263287808
6263287811
6263287810
6263287812
8477745177
8477745157
8141848578
6263287817
6263287815
6263287814
6263287816
8141848576
6263287818
8141848577
8141848582
8141848580
8141848579
8141848581
8477745153
8141848583
8477745152
8477745155
8477745154
8477745156
8477745165
8477745161
8477745159
8477745158
8477745160
8477745163
8477745162
8477745164
8477745173
8477745169
8477745167
8477745166
8477745168
8477745171
8477745170
8477745172
8477745175
8477745174
8477745176
8477937677
8477937669
8477745181
8477745179
8477745178
8477745180
8477937665
8477745183
8477745182
8477937664
8477937667
8477937666
8477937668
8477937673
8477937671
8477937670
8477937672
8477937675
8477937674
8477937676
11026329605
9056014339
8477937679
8477937678
9056014337
9056014336
9056014338
11026329603
11026329601
11026329600
11026329602
11026329604
13532667912
13532667906
11026329607
11026329606
13532667904
11855351808
13532667905
13532667910
13532667908
13532667907
13532667909
13532667911
13532673538
13532673536
13532667913
13532667914
13532673537
13532673542
13532673540
13532673539
13532673541
13532673546
13532673544
13532673543
13532673545
13532673548
13532673547
13532673550
13532673549
13532673551
db's nodes: 285
